==12358== Memcheck, a memory error detector
==12358== Copyright (C) 2002-2022, and GNU GPL'd, by Julian Seward et al.
==12358== Using Valgrind-3.22.0 and LibVEX; rerun with -h for copyright info
==12358== Command: ./a.out
==12358== Parent PID: 11480
==12358== 
==12358== 
==12358== HEAP SUMMARY:
==12358==     in use at exit: 232,817 bytes in 234 blocks
==12358==   total heap usage: 467 allocs, 233 frees, 253,692 bytes allocated
==12358== 
==12358== 4,016 bytes in 1 blocks are still reachable in loss record 46 of 74
==12358==    at 0x4846828: malloc (in /usr/libexec/valgrind/vgpreload_memcheck-amd64-linux.so)
==12358==    by 0x48A80EC: xmalloc (in /usr/lib/x86_64-linux-gnu/libreadline.so.8.2)
==12358==    by 0x48A161F: add_history (in /usr/lib/x86_64-linux-gnu/libreadline.so.8.2)
==12358==    by 0x1092D9: handle_input (in /home/wkornato/Documents/Common-Core/minishell/a.out)
==12358==    by 0x1093E4: main (in /home/wkornato/Documents/Common-Core/minishell/a.out)
==12358== 
==12358== LEAK SUMMARY:
==12358==    definitely lost: 0 bytes in 0 blocks
==12358==    indirectly lost: 0 bytes in 0 blocks
==12358==      possibly lost: 0 bytes in 0 blocks
==12358==    still reachable: 4,016 bytes in 1 blocks
==12358==         suppressed: 228,801 bytes in 233 blocks
==12358== 
==12358== ERROR SUMMARY: 0 errors from 0 contexts (suppressed: 0 from 0)
--12358-- 
--12358-- used_suppression:     73 <readline suppression> readline.supp:2 suppressed: 228,801 bytes in 233 blocks
==12358== 
==12358== ERROR SUMMARY: 0 errors from 0 contexts (suppressed: 0 from 0)
