==7929== Memcheck, a memory error detector
==7929== Copyright (C) 2002-2022, and GNU GPL'd, by Julian Seward et al.
==7929== Using Valgrind-3.19.0 and LibVEX; rerun with -h for copyright info
==7929== Command: ./minishell
==7929== Parent PID: 21777
==7929== 
==22628== 
==22628== HEAP SUMMARY:
==22628==     in use at exit: 232,337 bytes in 236 blocks
==22628==   total heap usage: 642 allocs, 406 frees, 279,723 bytes allocated
==22628== 
==22628== 4 bytes in 1 blocks are still reachable in loss record 1 of 76
==22628==    at 0x48407B4: malloc (vg_replace_malloc.c:381)
==22628==    by 0x10F918: ft_calloc (in /home/bkaleta/Wojtek/minishell/minishell)
==22628==    by 0x10F98A: ft_strdup (in /home/bkaleta/Wojtek/minishell/minishell)
==22628==    by 0x10F362: update_last_command (in /home/bkaleta/Wojtek/minishell/minishell)
==22628==    by 0x10BB74: prelimenary_checks (in /home/bkaleta/Wojtek/minishell/minishell)
==22628==    by 0x10BBAC: handle_input (in /home/bkaleta/Wojtek/minishell/minishell)
==22628==    by 0x10BE6D: wait_for_input (in /home/bkaleta/Wojtek/minishell/minishell)
==22628==    by 0x109359: child_process_in_main (in /home/bkaleta/Wojtek/minishell/minishell)
==22628==    by 0x109431: main (in /home/bkaleta/Wojtek/minishell/minishell)
==22628== 
==22628== 8 bytes in 1 blocks are still reachable in loss record 2 of 76
==22628==    at 0x48407B4: malloc (vg_replace_malloc.c:381)
==22628==    by 0x10F2E5: history_init (in /home/bkaleta/Wojtek/minishell/minishell)
==22628==    by 0x10BD94: wait_for_input (in /home/bkaleta/Wojtek/minishell/minishell)
==22628==    by 0x109359: child_process_in_main (in /home/bkaleta/Wojtek/minishell/minishell)
==22628==    by 0x109431: main (in /home/bkaleta/Wojtek/minishell/minishell)
==22628== 
==22628== LEAK SUMMARY:
==22628==    definitely lost: 0 bytes in 0 blocks
==22628==    indirectly lost: 0 bytes in 0 blocks
==22628==      possibly lost: 0 bytes in 0 blocks
==22628==    still reachable: 12 bytes in 2 blocks
==22628==         suppressed: 232,325 bytes in 234 blocks
==22628== 
==22628== For lists of detected and suppressed errors, rerun with: -s
==22628== ERROR SUMMARY: 0 errors from 0 contexts (suppressed: 0 from 0)
==23693== 
==23693== HEAP SUMMARY:
==23693==     in use at exit: 232,337 bytes in 236 blocks
==23693==   total heap usage: 661 allocs, 425 frees, 284,367 bytes allocated
==23693== 
==23693== 4 bytes in 1 blocks are still reachable in loss record 1 of 76
==23693==    at 0x48407B4: malloc (vg_replace_malloc.c:381)
==23693==    by 0x10F918: ft_calloc (in /home/bkaleta/Wojtek/minishell/minishell)
==23693==    by 0x10F98A: ft_strdup (in /home/bkaleta/Wojtek/minishell/minishell)
==23693==    by 0x10F362: update_last_command (in /home/bkaleta/Wojtek/minishell/minishell)
==23693==    by 0x10BB74: prelimenary_checks (in /home/bkaleta/Wojtek/minishell/minishell)
==23693==    by 0x10BBAC: handle_input (in /home/bkaleta/Wojtek/minishell/minishell)
==23693==    by 0x10BE6D: wait_for_input (in /home/bkaleta/Wojtek/minishell/minishell)
==23693==    by 0x109359: child_process_in_main (in /home/bkaleta/Wojtek/minishell/minishell)
==23693==    by 0x109431: main (in /home/bkaleta/Wojtek/minishell/minishell)
==23693== 
==23693== 8 bytes in 1 blocks are still reachable in loss record 2 of 76
==23693==    at 0x48407B4: malloc (vg_replace_malloc.c:381)
==23693==    by 0x10F2E5: history_init (in /home/bkaleta/Wojtek/minishell/minishell)
==23693==    by 0x10BD94: wait_for_input (in /home/bkaleta/Wojtek/minishell/minishell)
==23693==    by 0x109359: child_process_in_main (in /home/bkaleta/Wojtek/minishell/minishell)
==23693==    by 0x109431: main (in /home/bkaleta/Wojtek/minishell/minishell)
==23693== 
==23693== LEAK SUMMARY:
==23693==    definitely lost: 0 bytes in 0 blocks
==23693==    indirectly lost: 0 bytes in 0 blocks
==23693==      possibly lost: 0 bytes in 0 blocks
==23693==    still reachable: 12 bytes in 2 blocks
==23693==         suppressed: 232,325 bytes in 234 blocks
==23693== 
==23693== For lists of detected and suppressed errors, rerun with: -s
==23693== ERROR SUMMARY: 0 errors from 0 contexts (suppressed: 0 from 0)
==25039== 
==25039== HEAP SUMMARY:
==25039==     in use at exit: 232,337 bytes in 236 blocks
==25039==   total heap usage: 680 allocs, 444 frees, 289,011 bytes allocated
==25039== 
==25039== 4 bytes in 1 blocks are still reachable in loss record 1 of 76
==25039==    at 0x48407B4: malloc (vg_replace_malloc.c:381)
==25039==    by 0x10F918: ft_calloc (in /home/bkaleta/Wojtek/minishell/minishell)
==25039==    by 0x10F98A: ft_strdup (in /home/bkaleta/Wojtek/minishell/minishell)
==25039==    by 0x10F362: update_last_command (in /home/bkaleta/Wojtek/minishell/minishell)
==25039==    by 0x10BB74: prelimenary_checks (in /home/bkaleta/Wojtek/minishell/minishell)
==25039==    by 0x10BBAC: handle_input (in /home/bkaleta/Wojtek/minishell/minishell)
==25039==    by 0x10BE6D: wait_for_input (in /home/bkaleta/Wojtek/minishell/minishell)
==25039==    by 0x109359: child_process_in_main (in /home/bkaleta/Wojtek/minishell/minishell)
==25039==    by 0x109431: main (in /home/bkaleta/Wojtek/minishell/minishell)
==25039== 
==25039== 8 bytes in 1 blocks are still reachable in loss record 2 of 76
==25039==    at 0x48407B4: malloc (vg_replace_malloc.c:381)
==25039==    by 0x10F2E5: history_init (in /home/bkaleta/Wojtek/minishell/minishell)
==25039==    by 0x10BD94: wait_for_input (in /home/bkaleta/Wojtek/minishell/minishell)
==25039==    by 0x109359: child_process_in_main (in /home/bkaleta/Wojtek/minishell/minishell)
==25039==    by 0x109431: main (in /home/bkaleta/Wojtek/minishell/minishell)
==25039== 
==25039== LEAK SUMMARY:
==25039==    definitely lost: 0 bytes in 0 blocks
==25039==    indirectly lost: 0 bytes in 0 blocks
==25039==      possibly lost: 0 bytes in 0 blocks
==25039==    still reachable: 12 bytes in 2 blocks
==25039==         suppressed: 232,325 bytes in 234 blocks
==25039== 
==25039== For lists of detected and suppressed errors, rerun with: -s
==25039== ERROR SUMMARY: 0 errors from 0 contexts (suppressed: 0 from 0)
==11769== 
==11769== HEAP SUMMARY:
==11769==     in use at exit: 232,675 bytes in 245 blocks
==11769==   total heap usage: 702 allocs, 457 frees, 289,781 bytes allocated
==11769== 
==11769== LEAK SUMMARY:
==11769==    definitely lost: 0 bytes in 0 blocks
==11769==    indirectly lost: 0 bytes in 0 blocks
==11769==      possibly lost: 0 bytes in 0 blocks
==11769==    still reachable: 0 bytes in 0 blocks
==11769==         suppressed: 232,675 bytes in 245 blocks
==11769== 
==11769== For lists of detected and suppressed errors, rerun with: -s
==11769== ERROR SUMMARY: 0 errors from 0 contexts (suppressed: 0 from 0)
==7929== 
==7929== HEAP SUMMARY:
==7929==     in use at exit: 0 bytes in 0 blocks
==7929==   total heap usage: 0 allocs, 0 frees, 0 bytes allocated
==7929== 
==7929== All heap blocks were freed -- no leaks are possible
==7929== 
==7929== For lists of detected and suppressed errors, rerun with: -s
==7929== ERROR SUMMARY: 0 errors from 0 contexts (suppressed: 0 from 0)
